python train_seg.py --dataset mvtec --gpu-id 0 --k-shot 1 --class_name carpet --root-dir ./output_max_fusion > ./output_max_fusion/seg_logs/k1_mvtec_carpet.log 2>&1
python train_seg.py --dataset mvtec --gpu-id 0 --k-shot 1 --class_name grid --root-dir ./output_max_fusion > ./output_max_fusion/seg_logs/k1_mvtec_grid.log 2>&1
python train_seg.py --dataset mvtec --gpu-id 0 --k-shot 1 --class_name leather --root-dir ./output_max_fusion > ./output_max_fusion/seg_logs/k1_mvtec_leather.log 2>&1
python train_seg.py --dataset mvtec --gpu-id 0 --k-shot 1 --class_name tile --root-dir ./output_max_fusion > ./output_max_fusion/seg_logs/k1_mvtec_tile.log 2>&1
python train_seg.py --dataset mvtec --gpu-id 0 --k-shot 1 --class_name wood --root-dir ./output_max_fusion > ./output_max_fusion/seg_logs/k1_mvtec_wood.log 2>&1
python train_seg.py --dataset mvtec --gpu-id 0 --k-shot 1 --class_name bottle --root-dir ./output_max_fusion > ./output_max_fusion/seg_logs/k1_mvtec_bottle.log 2>&1
python train_seg.py --dataset mvtec --gpu-id 0 --k-shot 1 --class_name cable --root-dir ./output_max_fusion > ./output_max_fusion/seg_logs/k1_mvtec_cable.log 2>&1
python train_seg.py --dataset mvtec --gpu-id 0 --k-shot 1 --class_name capsule --root-dir ./output_max_fusion > ./output_max_fusion/seg_logs/k1_mvtec_capsule.log 2>&1
python train_seg.py --dataset mvtec --gpu-id 0 --k-shot 1 --class_name hazelnut --root-dir ./output_max_fusion > ./output_max_fusion/seg_logs/k1_mvtec_hazelnut.log 2>&1
python train_seg.py --dataset mvtec --gpu-id 0 --k-shot 1 --class_name metal_nut --root-dir ./output_max_fusion > ./output_max_fusion/seg_logs/k1_mvtec_metal_nut.log 2>&1
python train_seg.py --dataset mvtec --gpu-id 0 --k-shot 1 --class_name pill --root-dir ./output_max_fusion > ./output_max_fusion/seg_logs/k1_mvtec_pill.log 2>&1
python train_seg.py --dataset mvtec --gpu-id 0 --k-shot 1 --class_name screw --root-dir ./output_max_fusion > ./output_max_fusion/seg_logs/k1_mvtec_screw.log 2>&1
python train_seg.py --dataset mvtec --gpu-id 0 --k-shot 1 --class_name toothbrush --root-dir ./output_max_fusion > ./output_max_fusion/seg_logs/k1_mvtec_toothbrush.log 2>&1
python train_seg.py --dataset mvtec --gpu-id 0 --k-shot 1 --class_name transistor --root-dir ./output_max_fusion > ./output_max_fusion/seg_logs/k1_mvtec_transistor.log 2>&1
python train_seg.py --dataset mvtec --gpu-id 0 --k-shot 1 --class_name zipper --root-dir ./output_max_fusion > ./output_max_fusion/seg_logs/k1_mvtec_zipper.log 2>&1
python train_seg.py --dataset visa --gpu-id 0 --k-shot 1 --class_name candle --root-dir ./output_max_fusion > ./output_max_fusion/seg_logs/k1_visa_candle.log 2>&1
python train_seg.py --dataset visa --gpu-id 0 --k-shot 1 --class_name capsules --root-dir ./output_max_fusion > ./output_max_fusion/seg_logs/k1_visa_capsules.log 2>&1
python train_seg.py --dataset visa --gpu-id 0 --k-shot 1 --class_name cashew --root-dir ./output_max_fusion > ./output_max_fusion/seg_logs/k1_visa_cashew.log 2>&1
python train_seg.py --dataset visa --gpu-id 0 --k-shot 1 --class_name chewinggum --root-dir ./output_max_fusion > ./output_max_fusion/seg_logs/k1_visa_chewinggum.log 2>&1
python train_seg.py --dataset visa --gpu-id 0 --k-shot 1 --class_name fryum --root-dir ./output_max_fusion > ./output_max_fusion/seg_logs/k1_visa_fryum.log 2>&1
python train_seg.py --dataset visa --gpu-id 0 --k-shot 1 --class_name macaroni1 --root-dir ./output_max_fusion > ./output_max_fusion/seg_logs/k1_visa_macaroni1.log 2>&1
python train_seg.py --dataset visa --gpu-id 0 --k-shot 1 --class_name macaroni2 --root-dir ./output_max_fusion > ./output_max_fusion/seg_logs/k1_visa_macaroni2.log 2>&1
python train_seg.py --dataset visa --gpu-id 0 --k-shot 1 --class_name pcb1 --root-dir ./output_max_fusion > ./output_max_fusion/seg_logs/k1_visa_pcb1.log 2>&1
python train_seg.py --dataset visa --gpu-id 0 --k-shot 1 --class_name pcb2 --root-dir ./output_max_fusion > ./output_max_fusion/seg_logs/k1_visa_pcb2.log 2>&1
python train_seg.py --dataset visa --gpu-id 0 --k-shot 1 --class_name pcb3 --root-dir ./output_max_fusion > ./output_max_fusion/seg_logs/k1_visa_pcb3.log 2>&1
python train_seg.py --dataset visa --gpu-id 0 --k-shot 1 --class_name pcb4 --root-dir ./output_max_fusion > ./output_max_fusion/seg_logs/k1_visa_pcb4.log 2>&1
python train_seg.py --dataset visa --gpu-id 0 --k-shot 1 --class_name pipe_fryum --root-dir ./output_max_fusion > ./output_max_fusion/seg_logs/k1_visa_pipe_fryum.log 2>&1
python train_seg.py --dataset mvtec --gpu-id 0 --k-shot 2 --class_name carpet --root-dir ./output_max_fusion > ./output_max_fusion/seg_logs/k2_mvtec_carpet.log 2>&1
python train_seg.py --dataset mvtec --gpu-id 0 --k-shot 2 --class_name grid --root-dir ./output_max_fusion > ./output_max_fusion/seg_logs/k2_mvtec_grid.log 2>&1
python train_seg.py --dataset mvtec --gpu-id 0 --k-shot 2 --class_name leather --root-dir ./output_max_fusion > ./output_max_fusion/seg_logs/k2_mvtec_leather.log 2>&1
python train_seg.py --dataset mvtec --gpu-id 0 --k-shot 2 --class_name tile --root-dir ./output_max_fusion > ./output_max_fusion/seg_logs/k2_mvtec_tile.log 2>&1
python train_seg.py --dataset mvtec --gpu-id 0 --k-shot 2 --class_name wood --root-dir ./output_max_fusion > ./output_max_fusion/seg_logs/k2_mvtec_wood.log 2>&1
python train_seg.py --dataset mvtec --gpu-id 0 --k-shot 2 --class_name bottle --root-dir ./output_max_fusion > ./output_max_fusion/seg_logs/k2_mvtec_bottle.log 2>&1
python train_seg.py --dataset mvtec --gpu-id 0 --k-shot 2 --class_name cable --root-dir ./output_max_fusion > ./output_max_fusion/seg_logs/k2_mvtec_cable.log 2>&1
python train_seg.py --dataset mvtec --gpu-id 0 --k-shot 2 --class_name capsule --root-dir ./output_max_fusion > ./output_max_fusion/seg_logs/k2_mvtec_capsule.log 2>&1
python train_seg.py --dataset mvtec --gpu-id 0 --k-shot 2 --class_name hazelnut --root-dir ./output_max_fusion > ./output_max_fusion/seg_logs/k2_mvtec_hazelnut.log 2>&1
python train_seg.py --dataset mvtec --gpu-id 0 --k-shot 2 --class_name metal_nut --root-dir ./output_max_fusion > ./output_max_fusion/seg_logs/k2_mvtec_metal_nut.log 2>&1
python train_seg.py --dataset mvtec --gpu-id 0 --k-shot 2 --class_name pill --root-dir ./output_max_fusion > ./output_max_fusion/seg_logs/k2_mvtec_pill.log 2>&1
python train_seg.py --dataset mvtec --gpu-id 0 --k-shot 2 --class_name screw --root-dir ./output_max_fusion > ./output_max_fusion/seg_logs/k2_mvtec_screw.log 2>&1
python train_seg.py --dataset mvtec --gpu-id 0 --k-shot 2 --class_name toothbrush --root-dir ./output_max_fusion > ./output_max_fusion/seg_logs/k2_mvtec_toothbrush.log 2>&1
python train_seg.py --dataset mvtec --gpu-id 0 --k-shot 2 --class_name transistor --root-dir ./output_max_fusion > ./output_max_fusion/seg_logs/k2_mvtec_transistor.log 2>&1
python train_seg.py --dataset mvtec --gpu-id 0 --k-shot 2 --class_name zipper --root-dir ./output_max_fusion > ./output_max_fusion/seg_logs/k2_mvtec_zipper.log 2>&1
python train_seg.py --dataset visa --gpu-id 0 --k-shot 2 --class_name candle --root-dir ./output_max_fusion > ./output_max_fusion/seg_logs/k2_visa_candle.log 2>&1
python train_seg.py --dataset visa --gpu-id 0 --k-shot 2 --class_name capsules --root-dir ./output_max_fusion > ./output_max_fusion/seg_logs/k2_visa_capsules.log 2>&1
python train_seg.py --dataset visa --gpu-id 0 --k-shot 2 --class_name cashew --root-dir ./output_max_fusion > ./output_max_fusion/seg_logs/k2_visa_cashew.log 2>&1
python train_seg.py --dataset visa --gpu-id 0 --k-shot 2 --class_name chewinggum --root-dir ./output_max_fusion > ./output_max_fusion/seg_logs/k2_visa_chewinggum.log 2>&1
python train_seg.py --dataset visa --gpu-id 0 --k-shot 2 --class_name fryum --root-dir ./output_max_fusion > ./output_max_fusion/seg_logs/k2_visa_fryum.log 2>&1
python train_seg.py --dataset visa --gpu-id 0 --k-shot 2 --class_name macaroni1 --root-dir ./output_max_fusion > ./output_max_fusion/seg_logs/k2_visa_macaroni1.log 2>&1
python train_seg.py --dataset visa --gpu-id 0 --k-shot 2 --class_name macaroni2 --root-dir ./output_max_fusion > ./output_max_fusion/seg_logs/k2_visa_macaroni2.log 2>&1
